12:25:10 INFO  : Registering command handlers for SDK TCF services
12:25:12 INFO  : Launching XSCT server: xsct -n -interactive /opt/Xilinx/proyectos/tutorial/prueba_zybo/prueba_zybo.sdk/temp_xsdb_launch_script.tcl
12:25:16 INFO  : XSCT server has started successfully.
12:25:18 INFO  : Successfully done setting XSCT server connection channel  
12:25:18 INFO  : Successfully done setting SDK workspace  
12:25:18 INFO  : Processing command line option -hwspec /opt/Xilinx/proyectos/tutorial/prueba_zybo/prueba_zybo.sdk/design_1_wrapper.hdf.
12:36:05 INFO  : Launching XSCT server: xsct -n -interactive /opt/Xilinx/proyectos/tutorial/prueba_zybo/prueba_zybo.sdk/temp_xsdb_launch_script.tcl
12:36:07 INFO  : XSCT server has started successfully.
12:36:07 INFO  : Successfully done setting XSCT server connection channel  
12:36:09 INFO  : Successfully done setting SDK workspace  
12:36:10 INFO  : Registering command handlers for SDK TCF services
12:36:11 INFO  : Processing command line option -hwspec /opt/Xilinx/proyectos/tutorial/prueba_zybo/prueba_zybo.sdk/design_1_wrapper.hdf.
12:36:12 INFO  : Checking for hwspec changes in the project design_1_wrapper_hw_platform_0.
12:36:12 INFO  : SDK has detected change in the last modified timestamps for source hardware specification file Source:1552502116000,  Project:1552501105000
12:36:12 INFO  : The hardware specification for project 'design_1_wrapper_hw_platform_0' is different from /opt/Xilinx/proyectos/tutorial/prueba_zybo/prueba_zybo.sdk/design_1_wrapper.hdf.
12:36:12 INFO  : Copied contents of /opt/Xilinx/proyectos/tutorial/prueba_zybo/prueba_zybo.sdk/design_1_wrapper.hdf into /design_1_wrapper_hw_platform_0/system.hdf.
12:36:14 INFO  : Synchronizing projects in the workspace with the hardware platform specification changes.
12:36:14 INFO  : Clearing existing target manager status.
12:36:14 INFO  : Workspace synchronized with the new hardware specification file. Cleaning dependent projects...
12:36:14 WARN  : Linker script will not be updated automatically. Users need to update it manually.
12:46:04 ERROR : (XSDB Server)ERROR: [Hsi 55-1545] Problem running tcl command ::sw_libmetal_v1_4::generate : Failed to generate cmake files.
    while executing
"error "Failed to generate cmake files.""
    (procedure "::sw_libmetal_v1_4::generate" line 72)
    invoked from within
"::sw_libmetal_v1_4::generate libmetal"

12:46:04 ERROR : (XSDB Server)ERROR: [Hsi 55-1442] Error(s) while running TCL procedure generate()

12:46:04 ERROR : (XSDB Server)ERROR: [Hsi 55-1450] Error: running generate_bsp.

12:46:04 ERROR : Error generating bsp sources: Failed in generating sources
12:46:04 ERROR : Failed to regenerate sources for BSP project zybo_prueba_bsp
org.eclipse.core.runtime.CoreException: Internal error occurred while generating bsp sources. Please check the SDK Log view for further details.
	at com.xilinx.sdk.sw.ui.handlers.RegenBspSourcesHandler.internalGenerateBsp(RegenBspSourcesHandler.java:178)
	at com.xilinx.sdk.sw.ui.handlers.RegenBspSourcesHandler.access$2(RegenBspSourcesHandler.java:163)
	at com.xilinx.sdk.sw.ui.handlers.RegenBspSourcesHandler$1$1.run(RegenBspSourcesHandler.java:131)
	at org.eclipse.core.internal.resources.Workspace.run(Workspace.java:2240)
	at org.eclipse.core.internal.resources.Workspace.run(Workspace.java:2267)
	at com.xilinx.sdk.sw.ui.handlers.RegenBspSourcesHandler$1.run(RegenBspSourcesHandler.java:135)
	at org.eclipse.jface.operation.ModalContext$ModalContextThread.run(ModalContext.java:119)
12:46:10 INFO  : Refreshed build settings on project zybo_prueba
12:47:23 ERROR : (XSDB Server)ERROR: [Hsi 55-1545] Problem running tcl command ::sw_libmetal_v1_4::generate : Failed to generate cmake files.
    while executing
"error "Failed to generate cmake files.""
    (procedure "::sw_libmetal_v1_4::generate" line 72)
    invoked from within
"::sw_libmetal_v1_4::generate libmetal"

12:47:23 ERROR : (XSDB Server)ERROR: [Hsi 55-1442] Error(s) while running TCL procedure generate()

12:47:23 ERROR : (XSDB Server)ERROR: [Hsi 55-1450] Error: running generate_bsp.

12:47:23 ERROR : Error generating bsp sources: Failed in generating sources
12:47:23 ERROR : Failed to regenerate sources for BSP project zybo_prueba_bsp
org.eclipse.core.runtime.CoreException: Internal error occurred while generating bsp sources. Please check the SDK Log view for further details.
	at com.xilinx.sdk.sw.ui.handlers.RegenBspSourcesHandler.internalGenerateBsp(RegenBspSourcesHandler.java:178)
	at com.xilinx.sdk.sw.ui.handlers.RegenBspSourcesHandler.access$2(RegenBspSourcesHandler.java:163)
	at com.xilinx.sdk.sw.ui.handlers.RegenBspSourcesHandler$1$1.run(RegenBspSourcesHandler.java:131)
	at org.eclipse.core.internal.resources.Workspace.run(Workspace.java:2240)
	at org.eclipse.core.internal.resources.Workspace.run(Workspace.java:2267)
	at com.xilinx.sdk.sw.ui.handlers.RegenBspSourcesHandler$1.run(RegenBspSourcesHandler.java:135)
	at org.eclipse.jface.operation.ModalContext$ModalContextThread.run(ModalContext.java:119)
13:36:33 INFO  : Registering command handlers for SDK TCF services
13:36:34 INFO  : Launching XSCT server: xsct -n -interactive /opt/Xilinx/proyectos/tutorial/prueba_zybo/prueba_zybo.sdk/temp_xsdb_launch_script.tcl
13:36:36 INFO  : XSCT server has started successfully.
13:36:36 INFO  : Successfully done setting XSCT server connection channel  
13:36:36 INFO  : Successfully done setting SDK workspace  
13:36:36 INFO  : Processing command line option -hwspec /opt/Xilinx/proyectos/tutorial/prueba_zybo/prueba_zybo.sdk/design_1_wrapper.hdf.
13:36:36 INFO  : Checking for hwspec changes in the project design_1_wrapper_hw_platform_0.
13:36:38 INFO  : SDK has detected change in the last modified timestamps for source hardware specification file Source:1552504619000,  Project:1552502116000
13:36:38 INFO  : The hardware specification for project 'design_1_wrapper_hw_platform_0' is different from /opt/Xilinx/proyectos/tutorial/prueba_zybo/prueba_zybo.sdk/design_1_wrapper.hdf.
13:36:38 INFO  : Copied contents of /opt/Xilinx/proyectos/tutorial/prueba_zybo/prueba_zybo.sdk/design_1_wrapper.hdf into /design_1_wrapper_hw_platform_0/system.hdf.
13:36:41 INFO  : Synchronizing projects in the workspace with the hardware platform specification changes.
13:36:42 ERROR : (XSDB Server)ERROR: [Hsi 55-1545] Problem running tcl command ::sw_libmetal_v1_4::generate : Failed to generate cmake files.
    while executing
"error "Failed to generate cmake files.""
    (procedure "::sw_libmetal_v1_4::generate" line 72)
    invoked from within
"::sw_libmetal_v1_4::generate libmetal"
ERROR: [Hsi 55-1442] Error(s) while running TCL procedure generate()

13:36:42 ERROR : (XSDB Server)ERROR: [Hsi 55-1450] Error: running generate_bsp.

13:36:42 ERROR : Failed to call sync_sw_with_hw_change
Reason: ERROR: [Common 17-39] 'hsi::generate_bsp' failed due to earlier errors.

13:36:42 ERROR : Error updating BSP project MSS files.
13:36:42 INFO  : Updating hardware inferred compiler options for zybo_prueba.
13:36:42 INFO  : Clearing existing target manager status.
13:45:42 INFO  : Registering command handlers for SDK TCF services
13:45:44 INFO  : Launching XSCT server: xsct -n -interactive /opt/Xilinx/proyectos/tutorial/prueba_zybo/prueba_zybo.sdk/temp_xsdb_launch_script.tcl
13:45:46 INFO  : XSCT server has started successfully.
13:45:46 INFO  : Successfully done setting XSCT server connection channel  
13:45:46 INFO  : Successfully done setting SDK workspace  
13:45:46 INFO  : Processing command line option -hwspec /opt/Xilinx/proyectos/tutorial/prueba_zybo/prueba_zybo.sdk/design_1_wrapper.hdf.
13:45:46 INFO  : Checking for hwspec changes in the project design_1_wrapper_hw_platform_0.
